Using pre-set license

 COMMAND LINE ARGUMENTS:
/Applications/Unity/Hub/Editor/2020.3.8f1/Unity.app/Contents/MacOS/Unity
-adb2
-batchMode
-noUpm
-name
AssetImportWorker0
-projectPath
/Users/arsenibarsegyan/TFTD/TFTD
-logFile
Logs/AssetImportWorker0.log
-srvPort
51172
Successfully changed project path to: /Users/arsenibarsegyan/TFTD/TFTD
/Users/arsenibarsegyan/TFTD/TFTD
Using Asset Import Pipeline V2.
Refreshing native plugins compatible for Editor in 62.51 ms, found 1 plugins.
Preloading 0 native plugins for Editor in 0.00 ms.
Initialize engine version: 2020.3.8f1 (507919d4fff5)
[Subsystems] Discovering subsystems at path /Applications/Unity/Hub/Editor/2020.3.8f1/Unity.app/Contents/Resources/UnitySubsystems
[Subsystems] Discovering subsystems at path /Users/arsenibarsegyan/TFTD/TFTD/Assets
GfxDevice: creating device client; threaded=0
2021-06-12 10:21:54.183 Unity[65775:8216023] Color LCD preferred device: Intel(R) UHD Graphics 630 (low power)
2021-06-12 10:21:54.183 Unity[65775:8216023] Metal devices available: 2
2021-06-12 10:21:54.183 Unity[65775:8216023] 0: AMD Radeon Pro 560X (high power)
2021-06-12 10:21:54.183 Unity[65775:8216023] 1: Intel(R) UHD Graphics 630 (low power)
2021-06-12 10:21:54.183 Unity[65775:8216023] Using device AMD Radeon Pro 560X (high power)
Initializing Metal device caps: AMD Radeon Pro 560X
Shader 'Universal Render Pipeline/Particles/Lit': fallback shader 'Universal Render Pipeline/Particles/SimpleLit' not found
Initialize mono
Mono path[0] = '/Applications/Unity/Hub/Editor/2020.3.8f1/Unity.app/Contents/Managed'
Mono path[1] = '/Applications/Unity/Hub/Editor/2020.3.8f1/Unity.app/Contents/MonoBleedingEdge/lib/mono/unityjit'
Mono config path = '/Applications/Unity/Hub/Editor/2020.3.8f1/Unity.app/Contents/MonoBleedingEdge/etc'
Using monoOptions --debugger-agent=transport=dt_socket,embedding=1,server=y,suspend=n,address=127.0.0.1:56775
Begin MonoManager ReloadAssembly
Registering precompiled unity dll's ...
Register platform support module: /Applications/Unity/Hub/Editor/2020.3.8f1/Unity.app/Contents/PlaybackEngines/MacStandaloneSupport/UnityEditor.OSXStandalone.Extensions.dll
Register platform support module: /Applications/Unity/Hub/Editor/2020.3.8f1/PlaybackEngines/WindowsStandaloneSupport/UnityEditor.WindowsStandalone.Extensions.dll
Registered in 0.000663 seconds.
Native extension for WindowsStandalone target not found
Native extension for OSXStandalone target not found
Refreshing native plugins compatible for Editor in 53.54 ms, found 1 plugins.
Preloading 0 native plugins for Editor in 0.00 ms.
Mono: successfully reloaded assembly
- Completed reload, in  2.675 seconds
Platform modules already initialized, skipping
Registering precompiled user dll's ...
Registered in 0.001130 seconds.
Begin MonoManager ReloadAssembly
Native extension for WindowsStandalone target not found
Native extension for OSXStandalone target not found
Refreshing native plugins compatible for Editor in 49.72 ms, found 1 plugins.
Preloading 0 native plugins for Editor in 0.00 ms.
Mono: successfully reloaded assembly
- Completed reload, in  1.128 seconds
Platform modules already initialized, skipping
========================================================================
Worker process is ready to serve import requests
Shader 'Universal Render Pipeline/Particles/Lit': fallback shader 'Universal Render Pipeline/Particles/SimpleLit' not found
Launching external process: /Applications/Unity/Hub/Editor/2020.3.8f1/Unity.app/Contents/Tools/UnityShaderCompiler
Launched and connected shader compiler UnityShaderCompiler after 0.01 seconds
Refreshing native plugins compatible for Editor in 0.67 ms, found 1 plugins.
Preloading 0 native plugins for Editor in 0.00 ms.
Unloading 3114 Unused Serialized files (Serialized files now loaded: 0)
System memory in use before: 216.5 MB.
System memory in use after: 216.7 MB.

Unloading 50 unused Assets to reduce memory usage. Loaded Objects now: 3529.
Total: 4.865485 ms (FindLiveObjects: 0.291115 ms CreateObjectMapping: 0.134367 ms MarkObjects: 4.374794 ms  DeleteObjects: 0.064408 ms)

========================================================================
Received Import Request.
  path: Assets/Prefabs
  artifactKey: Guid(ecb02c462d2d6814f89bea34e52c18ba) Importer(815301076,1909f56bfc062723c751e8b465ee728b)
Start importing Assets/Prefabs using Guid(ecb02c462d2d6814f89bea34e52c18ba) Importer(815301076,1909f56bfc062723c751e8b465ee728b)  -> (artifact id: 'ceee32509474895d3490340174a8e50b') in 0.004465 seconds
  Import took 0.009465 seconds .

========================================================================
Received Import Request.
  Time since last request: 247.572439 seconds.
  path: Assets/Scripts/Battlescape
  artifactKey: Guid(05f53757355044b3c927e572684a571a) Importer(815301076,1909f56bfc062723c751e8b465ee728b)
Start importing Assets/Scripts/Battlescape using Guid(05f53757355044b3c927e572684a571a) Importer(815301076,1909f56bfc062723c751e8b465ee728b)  -> (artifact id: '0d9aeecbc4785fddfb1d567527d0953d') in 0.001450 seconds
  Import took 0.006103 seconds .

========================================================================
Received Import Request.
  Time since last request: 23.451879 seconds.
  path: Assets/Scripts/Battlescape/Battlefield.cs
  artifactKey: Guid(0b758eaffebb94c4e96505279af4e7cc) Importer(815301076,1909f56bfc062723c751e8b465ee728b)
Start importing Assets/Scripts/Battlescape/Battlefield.cs using Guid(0b758eaffebb94c4e96505279af4e7cc) Importer(815301076,1909f56bfc062723c751e8b465ee728b)  -> (artifact id: 'd6b296dee15627d0b7bbdd0a9a0655dc') in 0.330817 seconds
  Import took 0.335293 seconds .

========================================================================
Received Prepare
Registering precompiled user dll's ...
Registered in 0.001742 seconds.
Begin MonoManager ReloadAssembly
Native extension for WindowsStandalone target not found
Native extension for OSXStandalone target not found
Refreshing native plugins compatible for Editor in 0.83 ms, found 1 plugins.
Preloading 0 native plugins for Editor in 0.00 ms.
Mono: successfully reloaded assembly
- Completed reload, in  1.046 seconds
Platform modules already initialized, skipping
Shader 'Universal Render Pipeline/Particles/Lit': fallback shader 'Universal Render Pipeline/Particles/SimpleLit' not found
Refreshing native plugins compatible for Editor in 0.65 ms, found 1 plugins.
Preloading 0 native plugins for Editor in 0.00 ms.
Unloading 2976 Unused Serialized files (Serialized files now loaded: 0)
System memory in use before: 211.2 MB.
System memory in use after: 211.4 MB.

Unloading 41 unused Assets to reduce memory usage. Loaded Objects now: 3533.
Total: 4.826421 ms (FindLiveObjects: 0.251327 ms CreateObjectMapping: 0.173862 ms MarkObjects: 4.380002 ms  DeleteObjects: 0.020330 ms)

========================================================================
Received Import Request.
  Time since last request: 13.375354 seconds.
  path: Assets/Scripts/Battlescape/Battleground.cs
  artifactKey: Guid(0b758eaffebb94c4e96505279af4e7cc) Importer(815301076,1909f56bfc062723c751e8b465ee728b)
Start importing Assets/Scripts/Battlescape/Battleground.cs using Guid(0b758eaffebb94c4e96505279af4e7cc) Importer(815301076,1909f56bfc062723c751e8b465ee728b)  -> (artifact id: 'd79daa2c78a53fce232f79e0e37fcf76') in 0.005709 seconds
  Import took 0.012173 seconds .

========================================================================
Received Prepare
Registering precompiled user dll's ...
Registered in 0.001189 seconds.
Begin MonoManager ReloadAssembly
Native extension for WindowsStandalone target not found
Native extension for OSXStandalone target not found
Refreshing native plugins compatible for Editor in 0.69 ms, found 1 plugins.
Preloading 0 native plugins for Editor in 0.00 ms.
Mono: successfully reloaded assembly
- Completed reload, in  1.041 seconds
Platform modules already initialized, skipping
Shader 'Universal Render Pipeline/Particles/Lit': fallback shader 'Universal Render Pipeline/Particles/SimpleLit' not found
Refreshing native plugins compatible for Editor in 0.66 ms, found 1 plugins.
Preloading 0 native plugins for Editor in 0.00 ms.
Unloading 2976 Unused Serialized files (Serialized files now loaded: 0)
System memory in use before: 211.6 MB.
System memory in use after: 211.9 MB.

Unloading 41 unused Assets to reduce memory usage. Loaded Objects now: 3536.
Total: 4.797181 ms (FindLiveObjects: 0.256025 ms CreateObjectMapping: 0.133040 ms MarkObjects: 4.389306 ms  DeleteObjects: 0.018106 ms)

========================================================================
Received Import Request.
  Time since last request: 24.390464 seconds.
  path: Assets/Scripts/Battlescape/Cover.cs
  artifactKey: Guid(74ef6e1bd624a4a89b23d9bf87b95c32) Importer(815301076,1909f56bfc062723c751e8b465ee728b)
Start importing Assets/Scripts/Battlescape/Cover.cs using Guid(74ef6e1bd624a4a89b23d9bf87b95c32) Importer(815301076,1909f56bfc062723c751e8b465ee728b)  -> (artifact id: '24aaded7c3c95badc8c3a633820a88b1') in 0.006986 seconds
  Import took 0.013883 seconds .

========================================================================
Received Prepare
Registering precompiled user dll's ...
Registered in 0.001463 seconds.
Begin MonoManager ReloadAssembly
Native extension for WindowsStandalone target not found
Native extension for OSXStandalone target not found
Refreshing native plugins compatible for Editor in 0.68 ms, found 1 plugins.
Preloading 0 native plugins for Editor in 0.00 ms.
Mono: successfully reloaded assembly
- Completed reload, in  1.041 seconds
Platform modules already initialized, skipping
Shader 'Universal Render Pipeline/Particles/Lit': fallback shader 'Universal Render Pipeline/Particles/SimpleLit' not found
Refreshing native plugins compatible for Editor in 0.65 ms, found 1 plugins.
Preloading 0 native plugins for Editor in 0.00 ms.
Unloading 2977 Unused Serialized files (Serialized files now loaded: 0)
System memory in use before: 212.1 MB.
System memory in use after: 212.3 MB.

Unloading 41 unused Assets to reduce memory usage. Loaded Objects now: 3540.
Total: 5.042789 ms (FindLiveObjects: 0.295272 ms CreateObjectMapping: 0.138898 ms MarkObjects: 4.586773 ms  DeleteObjects: 0.021066 ms)

========================================================================
Received Prepare
Registering precompiled user dll's ...
Registered in 0.001293 seconds.
Begin MonoManager ReloadAssembly
Native extension for WindowsStandalone target not found
Native extension for OSXStandalone target not found
Refreshing native plugins compatible for Editor in 0.71 ms, found 1 plugins.
Preloading 0 native plugins for Editor in 0.00 ms.
Mono: successfully reloaded assembly
- Completed reload, in  1.203 seconds
Platform modules already initialized, skipping
Shader 'Universal Render Pipeline/Particles/Lit': fallback shader 'Universal Render Pipeline/Particles/SimpleLit' not found
Refreshing native plugins compatible for Editor in 0.84 ms, found 1 plugins.
Preloading 0 native plugins for Editor in 0.00 ms.
Unloading 2976 Unused Serialized files (Serialized files now loaded: 0)
System memory in use before: 212.5 MB.
System memory in use after: 212.7 MB.

Unloading 42 unused Assets to reduce memory usage. Loaded Objects now: 3542.
Total: 5.046983 ms (FindLiveObjects: 0.259607 ms CreateObjectMapping: 0.135867 ms MarkObjects: 4.627318 ms  DeleteObjects: 0.023366 ms)

========================================================================
Received Import Request.
  Time since last request: 97.721007 seconds.
  path: Assets/Scripts/Battlescape/Battleground.cs
  artifactKey: Guid(0b758eaffebb94c4e96505279af4e7cc) Importer(815301076,1909f56bfc062723c751e8b465ee728b)
Start importing Assets/Scripts/Battlescape/Battleground.cs using Guid(0b758eaffebb94c4e96505279af4e7cc) Importer(815301076,1909f56bfc062723c751e8b465ee728b)  -> (artifact id: '158dda06aa8476cd014cdf6fbb28ecbe') in 0.006630 seconds
  Import took 0.012145 seconds .

========================================================================
Received Prepare
Registering precompiled user dll's ...
Registered in 0.001211 seconds.
Begin MonoManager ReloadAssembly
Native extension for WindowsStandalone target not found
Native extension for OSXStandalone target not found
Refreshing native plugins compatible for Editor in 0.68 ms, found 1 plugins.
Preloading 0 native plugins for Editor in 0.00 ms.
Mono: successfully reloaded assembly
- Completed reload, in  1.027 seconds
Platform modules already initialized, skipping
Shader 'Universal Render Pipeline/Particles/Lit': fallback shader 'Universal Render Pipeline/Particles/SimpleLit' not found
Refreshing native plugins compatible for Editor in 0.80 ms, found 1 plugins.
Preloading 0 native plugins for Editor in 0.00 ms.
Unloading 2977 Unused Serialized files (Serialized files now loaded: 0)
System memory in use before: 212.9 MB.
System memory in use after: 213.1 MB.

Unloading 41 unused Assets to reduce memory usage. Loaded Objects now: 3546.
Total: 4.990076 ms (FindLiveObjects: 0.266802 ms CreateObjectMapping: 0.136400 ms MarkObjects: 4.566458 ms  DeleteObjects: 0.019594 ms)

========================================================================
Received Import Request.
  Time since last request: 17.427649 seconds.
  path: Assets/Scripts/Battlescape/XComSoldier.cs
  artifactKey: Guid(f534136776ccf4fcd994b3bc21bcf1bf) Importer(815301076,1909f56bfc062723c751e8b465ee728b)
Start importing Assets/Scripts/Battlescape/XComSoldier.cs using Guid(f534136776ccf4fcd994b3bc21bcf1bf) Importer(815301076,1909f56bfc062723c751e8b465ee728b)  -> (artifact id: '449edbca5f95c2bff27c8c791aecd72e') in 0.007095 seconds
  Import took 0.013402 seconds .

========================================================================
Received Prepare
Registering precompiled user dll's ...
Registered in 0.001175 seconds.
Begin MonoManager ReloadAssembly
Native extension for WindowsStandalone target not found
Native extension for OSXStandalone target not found
Refreshing native plugins compatible for Editor in 0.70 ms, found 1 plugins.
Preloading 0 native plugins for Editor in 0.00 ms.
Mono: successfully reloaded assembly
- Completed reload, in  1.035 seconds
Platform modules already initialized, skipping
Shader 'Universal Render Pipeline/Particles/Lit': fallback shader 'Universal Render Pipeline/Particles/SimpleLit' not found
Refreshing native plugins compatible for Editor in 0.69 ms, found 1 plugins.
Preloading 0 native plugins for Editor in 0.00 ms.
Unloading 2978 Unused Serialized files (Serialized files now loaded: 0)
System memory in use before: 213.3 MB.
System memory in use after: 213.5 MB.

Unloading 41 unused Assets to reduce memory usage. Loaded Objects now: 3550.
Total: 4.956699 ms (FindLiveObjects: 0.270220 ms CreateObjectMapping: 0.150600 ms MarkObjects: 4.513338 ms  DeleteObjects: 0.021745 ms)

========================================================================
Received Import Request.
  Time since last request: 41.342915 seconds.
  path: Assets/Scripts/Battlescape/NewBehaviourScript.cs
  artifactKey: Guid(a9bf7f8918c1644c898080d32b628a4e) Importer(815301076,1909f56bfc062723c751e8b465ee728b)
Start importing Assets/Scripts/Battlescape/NewBehaviourScript.cs using Guid(a9bf7f8918c1644c898080d32b628a4e) Importer(815301076,1909f56bfc062723c751e8b465ee728b)  -> (artifact id: '4557ddaa94535aa659ae6928f177bb2c') in 0.007081 seconds
  Import took 0.012962 seconds .

========================================================================
Received Prepare
Registering precompiled user dll's ...
Registered in 0.001293 seconds.
Begin MonoManager ReloadAssembly
Native extension for WindowsStandalone target not found
Native extension for OSXStandalone target not found
Refreshing native plugins compatible for Editor in 0.75 ms, found 1 plugins.
Preloading 0 native plugins for Editor in 0.00 ms.
Mono: successfully reloaded assembly
- Completed reload, in  1.087 seconds
Platform modules already initialized, skipping
Shader 'Universal Render Pipeline/Particles/Lit': fallback shader 'Universal Render Pipeline/Particles/SimpleLit' not found
Refreshing native plugins compatible for Editor in 0.69 ms, found 1 plugins.
Preloading 0 native plugins for Editor in 0.00 ms.
Unloading 2979 Unused Serialized files (Serialized files now loaded: 0)
System memory in use before: 213.7 MB.
System memory in use after: 213.9 MB.

Unloading 41 unused Assets to reduce memory usage. Loaded Objects now: 3554.
Total: 5.317602 ms (FindLiveObjects: 0.286804 ms CreateObjectMapping: 0.134508 ms MarkObjects: 4.869938 ms  DeleteObjects: 0.025148 ms)

========================================================================
Received Prepare
Registering precompiled user dll's ...
Registered in 0.001234 seconds.
Begin MonoManager ReloadAssembly
Native extension for WindowsStandalone target not found
Native extension for OSXStandalone target not found
Refreshing native plugins compatible for Editor in 0.83 ms, found 1 plugins.
Preloading 0 native plugins for Editor in 0.00 ms.
Mono: successfully reloaded assembly
- Completed reload, in  1.009 seconds
Platform modules already initialized, skipping
Shader 'Universal Render Pipeline/Particles/Lit': fallback shader 'Universal Render Pipeline/Particles/SimpleLit' not found
Refreshing native plugins compatible for Editor in 0.72 ms, found 1 plugins.
Preloading 0 native plugins for Editor in 0.00 ms.
Unloading 2978 Unused Serialized files (Serialized files now loaded: 0)
System memory in use before: 214.1 MB.
System memory in use after: 214.3 MB.

Unloading 42 unused Assets to reduce memory usage. Loaded Objects now: 3556.
Total: 5.083825 ms (FindLiveObjects: 0.272315 ms CreateObjectMapping: 0.133585 ms MarkObjects: 4.651295 ms  DeleteObjects: 0.025847 ms)

========================================================================
Received Import Request.
  Time since last request: 54.033545 seconds.
  path: Assets/Scripts/Battlescape/AlienBehavior.cs
  artifactKey: Guid(7ec8f253724384e509df24b339506aff) Importer(815301076,1909f56bfc062723c751e8b465ee728b)
Start importing Assets/Scripts/Battlescape/AlienBehavior.cs using Guid(7ec8f253724384e509df24b339506aff) Importer(815301076,1909f56bfc062723c751e8b465ee728b)  -> (artifact id: '72bad2a5e45c8690cd16e9cc602a82ac') in 0.006004 seconds
  Import took 0.010952 seconds .

========================================================================
Received Prepare
Registering precompiled user dll's ...
Registered in 0.001269 seconds.
Begin MonoManager ReloadAssembly
Native extension for WindowsStandalone target not found
Native extension for OSXStandalone target not found
Refreshing native plugins compatible for Editor in 0.67 ms, found 1 plugins.
Preloading 0 native plugins for Editor in 0.00 ms.
Mono: successfully reloaded assembly
- Completed reload, in  1.053 seconds
Platform modules already initialized, skipping
Shader 'Universal Render Pipeline/Particles/Lit': fallback shader 'Universal Render Pipeline/Particles/SimpleLit' not found
Refreshing native plugins compatible for Editor in 0.67 ms, found 1 plugins.
Preloading 0 native plugins for Editor in 0.00 ms.
Unloading 2979 Unused Serialized files (Serialized files now loaded: 0)
System memory in use before: 214.5 MB.
System memory in use after: 214.7 MB.

Unloading 41 unused Assets to reduce memory usage. Loaded Objects now: 3560.
Total: 4.918559 ms (FindLiveObjects: 0.292135 ms CreateObjectMapping: 0.124233 ms MarkObjects: 4.481895 ms  DeleteObjects: 0.019511 ms)

========================================================================
Received Import Request.
  Time since last request: 21.498993 seconds.
  path: Assets/Scripts/Battlescape/Weapon.cs
  artifactKey: Guid(63b23b197d69f4efab1484251b6ecc85) Importer(815301076,1909f56bfc062723c751e8b465ee728b)
Start importing Assets/Scripts/Battlescape/Weapon.cs using Guid(63b23b197d69f4efab1484251b6ecc85) Importer(815301076,1909f56bfc062723c751e8b465ee728b)  -> (artifact id: '9ec93d18f09d17e21b530c8f26e5667f') in 0.006321 seconds
  Import took 0.011523 seconds .

========================================================================
Received Prepare
Registering precompiled user dll's ...
Registered in 0.001281 seconds.
Begin MonoManager ReloadAssembly
Native extension for WindowsStandalone target not found
Native extension for OSXStandalone target not found
Refreshing native plugins compatible for Editor in 0.67 ms, found 1 plugins.
Preloading 0 native plugins for Editor in 0.00 ms.
Mono: successfully reloaded assembly
- Completed reload, in  1.040 seconds
Platform modules already initialized, skipping
Shader 'Universal Render Pipeline/Particles/Lit': fallback shader 'Universal Render Pipeline/Particles/SimpleLit' not found
Refreshing native plugins compatible for Editor in 0.68 ms, found 1 plugins.
Preloading 0 native plugins for Editor in 0.00 ms.
Unloading 2980 Unused Serialized files (Serialized files now loaded: 0)
System memory in use before: 214.9 MB.
System memory in use after: 215.1 MB.

Unloading 41 unused Assets to reduce memory usage. Loaded Objects now: 3564.
Total: 5.019700 ms (FindLiveObjects: 0.274074 ms CreateObjectMapping: 0.136409 ms MarkObjects: 4.585885 ms  DeleteObjects: 0.022492 ms)

========================================================================
Received Import Request.
  Time since last request: 12.034999 seconds.
  path: Assets/Scripts/Xcom/Soldiers/XComSoldiersController.cs
  artifactKey: Guid(1d934182d6b176e4cbcf1745914a7046) Importer(815301076,1909f56bfc062723c751e8b465ee728b)
Start importing Assets/Scripts/Xcom/Soldiers/XComSoldiersController.cs using Guid(1d934182d6b176e4cbcf1745914a7046) Importer(815301076,1909f56bfc062723c751e8b465ee728b)  -> (artifact id: 'ec55e068824facbd8da6d03fa3cb5bb0') in 0.005609 seconds
  Import took 0.010377 seconds .

========================================================================
Received Import Request.
  Time since last request: 0.027777 seconds.
  path: Assets/Scripts/Xcom/Soldiers/XComSoldiersController.cs
  artifactKey: Guid(1d934182d6b176e4cbcf1745914a7046) Importer(815301076,1909f56bfc062723c751e8b465ee728b)
Start importing Assets/Scripts/Xcom/Soldiers/XComSoldiersController.cs using Guid(1d934182d6b176e4cbcf1745914a7046) Importer(815301076,1909f56bfc062723c751e8b465ee728b)  -> (artifact id: 'ec55e068824facbd8da6d03fa3cb5bb0') in 0.001637 seconds
  Import took 0.006137 seconds .

========================================================================
Received Prepare
Registering precompiled user dll's ...
Registered in 0.001228 seconds.
Begin MonoManager ReloadAssembly
Native extension for WindowsStandalone target not found
Native extension for OSXStandalone target not found
Refreshing native plugins compatible for Editor in 0.67 ms, found 1 plugins.
Preloading 0 native plugins for Editor in 0.00 ms.
Mono: successfully reloaded assembly
- Completed reload, in  1.031 seconds
Platform modules already initialized, skipping
Shader 'Universal Render Pipeline/Particles/Lit': fallback shader 'Universal Render Pipeline/Particles/SimpleLit' not found
Refreshing native plugins compatible for Editor in 0.66 ms, found 1 plugins.
Preloading 0 native plugins for Editor in 0.00 ms.
Unloading 2980 Unused Serialized files (Serialized files now loaded: 0)
System memory in use before: 215.3 MB.
System memory in use after: 215.5 MB.

Unloading 41 unused Assets to reduce memory usage. Loaded Objects now: 3567.
Total: 5.298351 ms (FindLiveObjects: 0.278055 ms CreateObjectMapping: 0.185310 ms MarkObjects: 4.809310 ms  DeleteObjects: 0.024763 ms)

========================================================================
Received Import Request.
  Time since last request: 49.327722 seconds.
  path: Assets/Scripts/Geoscape/MissionLocator.cs
  artifactKey: Guid(df05409de3f4cea4c8a5718d405f6a97) Importer(815301076,1909f56bfc062723c751e8b465ee728b)
Start importing Assets/Scripts/Geoscape/MissionLocator.cs using Guid(df05409de3f4cea4c8a5718d405f6a97) Importer(815301076,1909f56bfc062723c751e8b465ee728b)  -> (artifact id: 'e39737749e4ae309c76665ed213a3150') in 0.008630 seconds
  Import took 0.015590 seconds .

========================================================================
Received Import Request.
  Time since last request: 0.472330 seconds.
  path: Assets/Scripts/Geoscape/GeoscapeCamera.cs
  artifactKey: Guid(5b258f43ce9fa254ba61f20e6cb47b9e) Importer(815301076,1909f56bfc062723c751e8b465ee728b)
Start importing Assets/Scripts/Geoscape/GeoscapeCamera.cs using Guid(5b258f43ce9fa254ba61f20e6cb47b9e) Importer(815301076,1909f56bfc062723c751e8b465ee728b)  -> (artifact id: '19e2a026e3760c91c2099e811eddbb30') in 0.001512 seconds
  Import took 0.005976 seconds .

========================================================================
Received Import Request.
  Time since last request: 0.000451 seconds.
  path: Assets/Scripts/Geoscape/GeoscapeCamera.cs
  artifactKey: Guid(5b258f43ce9fa254ba61f20e6cb47b9e) Importer(815301076,1909f56bfc062723c751e8b465ee728b)
Start importing Assets/Scripts/Geoscape/GeoscapeCamera.cs using Guid(5b258f43ce9fa254ba61f20e6cb47b9e) Importer(815301076,1909f56bfc062723c751e8b465ee728b)  -> (artifact id: '19e2a026e3760c91c2099e811eddbb30') in 0.001729 seconds
  Import took 0.006355 seconds .

========================================================================
Received Import Request.
  Time since last request: 0.619974 seconds.
  path: Assets/Scripts/Geoscape/GeoPosition.cs
  artifactKey: Guid(5d39ec9135c87a5438f00b3e30e3cf0e) Importer(815301076,1909f56bfc062723c751e8b465ee728b)
Start importing Assets/Scripts/Geoscape/GeoPosition.cs using Guid(5d39ec9135c87a5438f00b3e30e3cf0e) Importer(815301076,1909f56bfc062723c751e8b465ee728b)  -> (artifact id: '3bb6c83f06a9b688afb3dfff95d2096a') in 0.001832 seconds
  Import took 0.007246 seconds .

========================================================================
Received Import Request.
  Time since last request: 0.564886 seconds.
  path: Assets/Scripts/Geoscape/GameFlow
  artifactKey: Guid(fb2158bfe7ae979459d447512d34e1ca) Importer(815301076,1909f56bfc062723c751e8b465ee728b)
Start importing Assets/Scripts/Geoscape/GameFlow using Guid(fb2158bfe7ae979459d447512d34e1ca) Importer(815301076,1909f56bfc062723c751e8b465ee728b)  -> (artifact id: 'd2d9ee10d242e0bc270a5034ece33ad7') in 0.001048 seconds
  Import took 0.005952 seconds .

========================================================================
Received Prepare
Registering precompiled user dll's ...
Registered in 0.001247 seconds.
Begin MonoManager ReloadAssembly
Native extension for WindowsStandalone target not found
Native extension for OSXStandalone target not found
Refreshing native plugins compatible for Editor in 0.81 ms, found 1 plugins.
Preloading 0 native plugins for Editor in 0.00 ms.
Mono: successfully reloaded assembly
- Completed reload, in  1.160 seconds
Platform modules already initialized, skipping
Shader 'Universal Render Pipeline/Particles/Lit': fallback shader 'Universal Render Pipeline/Particles/SimpleLit' not found
Refreshing native plugins compatible for Editor in 0.70 ms, found 1 plugins.
Preloading 0 native plugins for Editor in 0.00 ms.
Unloading 2980 Unused Serialized files (Serialized files now loaded: 0)
System memory in use before: 215.7 MB.
System memory in use after: 215.9 MB.

Unloading 41 unused Assets to reduce memory usage. Loaded Objects now: 3570.
Total: 5.368586 ms (FindLiveObjects: 0.296444 ms CreateObjectMapping: 0.130382 ms MarkObjects: 4.904828 ms  DeleteObjects: 0.036080 ms)

========================================================================
Received Prepare
Registering precompiled user dll's ...
Registered in 0.001247 seconds.
Begin MonoManager ReloadAssembly
Native extension for WindowsStandalone target not found
Native extension for OSXStandalone target not found
Refreshing native plugins compatible for Editor in 0.73 ms, found 1 plugins.
Preloading 0 native plugins for Editor in 0.00 ms.
Mono: successfully reloaded assembly
- Completed reload, in  1.050 seconds
Platform modules already initialized, skipping
Shader 'Universal Render Pipeline/Particles/Lit': fallback shader 'Universal Render Pipeline/Particles/SimpleLit' not found
Refreshing native plugins compatible for Editor in 0.67 ms, found 1 plugins.
Preloading 0 native plugins for Editor in 0.00 ms.
Unloading 2980 Unused Serialized files (Serialized files now loaded: 0)
System memory in use before: 216.0 MB.
System memory in use after: 216.3 MB.

Unloading 41 unused Assets to reduce memory usage. Loaded Objects now: 3573.
Total: 5.682006 ms (FindLiveObjects: 0.299410 ms CreateObjectMapping: 0.149030 ms MarkObjects: 5.207747 ms  DeleteObjects: 0.024792 ms)

========================================================================
Received Import Request.
  Time since last request: 214.752304 seconds.
  path: Assets/Scripts/Battlescape/Cover.cs
  artifactKey: Guid(74ef6e1bd624a4a89b23d9bf87b95c32) Importer(815301076,1909f56bfc062723c751e8b465ee728b)
Start importing Assets/Scripts/Battlescape/Cover.cs using Guid(74ef6e1bd624a4a89b23d9bf87b95c32) Importer(815301076,1909f56bfc062723c751e8b465ee728b)  -> (artifact id: '39ebe6c095eda9e8f0ff43dd5b3c62e8') in 0.018727 seconds
  Import took 0.039193 seconds .

========================================================================
Received Prepare
Registering precompiled user dll's ...
Registered in 0.001331 seconds.
Begin MonoManager ReloadAssembly
Native extension for WindowsStandalone target not found
Native extension for OSXStandalone target not found
Refreshing native plugins compatible for Editor in 0.67 ms, found 1 plugins.
Preloading 0 native plugins for Editor in 0.00 ms.
Mono: successfully reloaded assembly
- Completed reload, in  1.167 seconds
Platform modules already initialized, skipping
Shader 'Universal Render Pipeline/Particles/Lit': fallback shader 'Universal Render Pipeline/Particles/SimpleLit' not found
Refreshing native plugins compatible for Editor in 0.68 ms, found 1 plugins.
Preloading 0 native plugins for Editor in 0.00 ms.
Unloading 2980 Unused Serialized files (Serialized files now loaded: 0)
System memory in use before: 216.4 MB.
System memory in use after: 216.7 MB.

Unloading 41 unused Assets to reduce memory usage. Loaded Objects now: 3576.
Total: 5.363554 ms (FindLiveObjects: 0.278437 ms CreateObjectMapping: 0.158613 ms MarkObjects: 4.902931 ms  DeleteObjects: 0.022628 ms)

========================================================================
Received Import Request.
  Time since last request: 30.787273 seconds.
  path: Assets/Scripts/Battlescape/Cover.cs
  artifactKey: Guid(74ef6e1bd624a4a89b23d9bf87b95c32) Importer(815301076,1909f56bfc062723c751e8b465ee728b)
Start importing Assets/Scripts/Battlescape/Cover.cs using Guid(74ef6e1bd624a4a89b23d9bf87b95c32) Importer(815301076,1909f56bfc062723c751e8b465ee728b)  -> (artifact id: '0edcc87d02b4ba395327177cc633e6ec') in 0.009149 seconds
  Import took 0.017639 seconds .

========================================================================
Received Prepare
Registering precompiled user dll's ...
Registered in 0.001316 seconds.
Begin MonoManager ReloadAssembly
Native extension for WindowsStandalone target not found
Native extension for OSXStandalone target not found
Refreshing native plugins compatible for Editor in 1.09 ms, found 1 plugins.
Preloading 0 native plugins for Editor in 0.00 ms.
Mono: successfully reloaded assembly
- Completed reload, in  1.431 seconds
Platform modules already initialized, skipping
Shader 'Universal Render Pipeline/Particles/Lit': fallback shader 'Universal Render Pipeline/Particles/SimpleLit' not found
Refreshing native plugins compatible for Editor in 0.90 ms, found 1 plugins.
Preloading 0 native plugins for Editor in 0.00 ms.
Unloading 2980 Unused Serialized files (Serialized files now loaded: 0)
System memory in use before: 216.8 MB.
System memory in use after: 217.1 MB.

Unloading 41 unused Assets to reduce memory usage. Loaded Objects now: 3579.
Total: 7.994273 ms (FindLiveObjects: 0.335176 ms CreateObjectMapping: 0.175861 ms MarkObjects: 7.452192 ms  DeleteObjects: 0.029811 ms)

========================================================================
Received Import Request.
  Time since last request: 5.651977 seconds.
  path: Assets/Scripts/Battlescape/Cover.cs
  artifactKey: Guid(74ef6e1bd624a4a89b23d9bf87b95c32) Importer(815301076,1909f56bfc062723c751e8b465ee728b)
Start importing Assets/Scripts/Battlescape/Cover.cs using Guid(74ef6e1bd624a4a89b23d9bf87b95c32) Importer(815301076,1909f56bfc062723c751e8b465ee728b)  -> (artifact id: '165ddca6007939043638eee25c3eef2f') in 0.006414 seconds
  Import took 0.012819 seconds .

========================================================================
Received Prepare
Registering precompiled user dll's ...
Registered in 0.001667 seconds.
Begin MonoManager ReloadAssembly
Native extension for WindowsStandalone target not found
Native extension for OSXStandalone target not found
Refreshing native plugins compatible for Editor in 0.75 ms, found 1 plugins.
Preloading 0 native plugins for Editor in 0.00 ms.
Mono: successfully reloaded assembly
- Completed reload, in  1.365 seconds
Platform modules already initialized, skipping
Shader 'Universal Render Pipeline/Particles/Lit': fallback shader 'Universal Render Pipeline/Particles/SimpleLit' not found
Refreshing native plugins compatible for Editor in 0.66 ms, found 1 plugins.
Preloading 0 native plugins for Editor in 0.00 ms.
Unloading 2980 Unused Serialized files (Serialized files now loaded: 0)
System memory in use before: 217.2 MB.
System memory in use after: 217.4 MB.

Unloading 41 unused Assets to reduce memory usage. Loaded Objects now: 3582.
Total: 5.170419 ms (FindLiveObjects: 0.273934 ms CreateObjectMapping: 0.138809 ms MarkObjects: 4.736154 ms  DeleteObjects: 0.020710 ms)

========================================================================
Received Import Request.
  Time since last request: 10.751626 seconds.
  path: Assets/Scripts/Battlescape/Cover.cs
  artifactKey: Guid(74ef6e1bd624a4a89b23d9bf87b95c32) Importer(815301076,1909f56bfc062723c751e8b465ee728b)
Start importing Assets/Scripts/Battlescape/Cover.cs using Guid(74ef6e1bd624a4a89b23d9bf87b95c32) Importer(815301076,1909f56bfc062723c751e8b465ee728b)  -> (artifact id: '13cd2920213af43bbc04a9c282c5b55d') in 0.022250 seconds
  Import took 0.045690 seconds .

========================================================================
Received Prepare
Registering precompiled user dll's ...
Registered in 0.001664 seconds.
Begin MonoManager ReloadAssembly
Native extension for WindowsStandalone target not found
Native extension for OSXStandalone target not found
Refreshing native plugins compatible for Editor in 0.68 ms, found 1 plugins.
Preloading 0 native plugins for Editor in 0.00 ms.
Mono: successfully reloaded assembly
- Completed reload, in  1.195 seconds
Platform modules already initialized, skipping
Shader 'Universal Render Pipeline/Particles/Lit': fallback shader 'Universal Render Pipeline/Particles/SimpleLit' not found
Refreshing native plugins compatible for Editor in 0.74 ms, found 1 plugins.
Preloading 0 native plugins for Editor in 0.00 ms.
Unloading 2980 Unused Serialized files (Serialized files now loaded: 0)
System memory in use before: 217.6 MB.
System memory in use after: 217.8 MB.

Unloading 41 unused Assets to reduce memory usage. Loaded Objects now: 3585.
Total: 5.040024 ms (FindLiveObjects: 0.278057 ms CreateObjectMapping: 0.153457 ms MarkObjects: 4.586203 ms  DeleteObjects: 0.021310 ms)

========================================================================
Received Prepare
Registering precompiled user dll's ...
Registered in 0.001366 seconds.
Begin MonoManager ReloadAssembly
Native extension for WindowsStandalone target not found
Native extension for OSXStandalone target not found
Refreshing native plugins compatible for Editor in 0.67 ms, found 1 plugins.
Preloading 0 native plugins for Editor in 0.00 ms.
Mono: successfully reloaded assembly
- Completed reload, in  1.060 seconds
Platform modules already initialized, skipping
Shader 'Universal Render Pipeline/Particles/Lit': fallback shader 'Universal Render Pipeline/Particles/SimpleLit' not found
Refreshing native plugins compatible for Editor in 0.72 ms, found 1 plugins.
Preloading 0 native plugins for Editor in 0.00 ms.
Unloading 2980 Unused Serialized files (Serialized files now loaded: 0)
System memory in use before: 218.0 MB.
System memory in use after: 218.2 MB.

Unloading 41 unused Assets to reduce memory usage. Loaded Objects now: 3588.
Total: 6.457309 ms (FindLiveObjects: 0.364784 ms CreateObjectMapping: 0.166275 ms MarkObjects: 5.899033 ms  DeleteObjects: 0.025902 ms)

========================================================================
Received Import Request.
  Time since last request: 8.768899 seconds.
  path: Assets/Scripts/Battlescape/Cover.cs
  artifactKey: Guid(74ef6e1bd624a4a89b23d9bf87b95c32) Importer(815301076,1909f56bfc062723c751e8b465ee728b)
Start importing Assets/Scripts/Battlescape/Cover.cs using Guid(74ef6e1bd624a4a89b23d9bf87b95c32) Importer(815301076,1909f56bfc062723c751e8b465ee728b)  -> (artifact id: 'e4396b28b1ed5841a5c32b7006ff8086') in 0.005292 seconds
  Import took 0.010099 seconds .

========================================================================
Received Import Request.
  Time since last request: 354.308448 seconds.
  path: Assets/Scripts/Battlescape/Cover.cs
  artifactKey: Guid(74ef6e1bd624a4a89b23d9bf87b95c32) Importer(815301076,1909f56bfc062723c751e8b465ee728b)
Start importing Assets/Scripts/Battlescape/Cover.cs using Guid(74ef6e1bd624a4a89b23d9bf87b95c32) Importer(815301076,1909f56bfc062723c751e8b465ee728b)  -> (artifact id: '0512495af544ff82b4422e4b7e5a5ae1') in 0.002326 seconds
  Import took 0.011110 seconds .

========================================================================
Received Prepare
Registering precompiled user dll's ...
Registered in 0.001367 seconds.
Begin MonoManager ReloadAssembly
Native extension for WindowsStandalone target not found
Native extension for OSXStandalone target not found
Refreshing native plugins compatible for Editor in 1.27 ms, found 1 plugins.
Preloading 0 native plugins for Editor in 0.00 ms.
Mono: successfully reloaded assembly
- Completed reload, in  1.193 seconds
Platform modules already initialized, skipping
Shader 'Universal Render Pipeline/Particles/Lit': fallback shader 'Universal Render Pipeline/Particles/SimpleLit' not found
Refreshing native plugins compatible for Editor in 0.66 ms, found 1 plugins.
Preloading 0 native plugins for Editor in 0.00 ms.
Unloading 2980 Unused Serialized files (Serialized files now loaded: 0)
System memory in use before: 218.4 MB.
System memory in use after: 218.6 MB.

Unloading 41 unused Assets to reduce memory usage. Loaded Objects now: 3591.
Total: 5.070628 ms (FindLiveObjects: 0.271770 ms CreateObjectMapping: 0.138989 ms MarkObjects: 4.639757 ms  DeleteObjects: 0.019377 ms)

========================================================================
Received Prepare
Registering precompiled user dll's ...
Registered in 0.001164 seconds.
Begin MonoManager ReloadAssembly
Native extension for WindowsStandalone target not found
Native extension for OSXStandalone target not found
Refreshing native plugins compatible for Editor in 0.67 ms, found 1 plugins.
Preloading 0 native plugins for Editor in 0.00 ms.
Mono: successfully reloaded assembly
- Completed reload, in  1.060 seconds
Platform modules already initialized, skipping
Shader 'Universal Render Pipeline/Particles/Lit': fallback shader 'Universal Render Pipeline/Particles/SimpleLit' not found
Refreshing native plugins compatible for Editor in 0.67 ms, found 1 plugins.
Preloading 0 native plugins for Editor in 0.00 ms.
Unloading 2980 Unused Serialized files (Serialized files now loaded: 0)
System memory in use before: 218.7 MB.
System memory in use after: 219.0 MB.

Unloading 41 unused Assets to reduce memory usage. Loaded Objects now: 3594.
Total: 5.196642 ms (FindLiveObjects: 0.343292 ms CreateObjectMapping: 0.161821 ms MarkObjects: 4.665216 ms  DeleteObjects: 0.025336 ms)

========================================================================
Received Import Request.
  Time since last request: 33.945261 seconds.
  path: Assets/Scripts/Battlescape/Cover.cs
  artifactKey: Guid(74ef6e1bd624a4a89b23d9bf87b95c32) Importer(815301076,1909f56bfc062723c751e8b465ee728b)
Start importing Assets/Scripts/Battlescape/Cover.cs using Guid(74ef6e1bd624a4a89b23d9bf87b95c32) Importer(815301076,1909f56bfc062723c751e8b465ee728b)  -> (artifact id: 'f2780a70d4e6f87bd2b3bdc9cdddc3dc') in 0.005014 seconds
  Import took 0.010293 seconds .

========================================================================
Received Import Request.
  Time since last request: 34.306524 seconds.
  path: Assets/Prefabs/Geoscape
  artifactKey: Guid(a39a8aa2245034b07a677665a9af920d) Importer(815301076,1909f56bfc062723c751e8b465ee728b)
Start importing Assets/Prefabs/Geoscape using Guid(a39a8aa2245034b07a677665a9af920d) Importer(815301076,1909f56bfc062723c751e8b465ee728b)  -> (artifact id: '01423307774be295d4192b09afe15631') in 0.001659 seconds
  Import took 0.006662 seconds .

========================================================================
Received Import Request.
  Time since last request: 25.579065 seconds.
  path: Assets/Prefabs/Battlescape
  artifactKey: Guid(3a5876c3590494961a3a33c48797bddb) Importer(815301076,1909f56bfc062723c751e8b465ee728b)
Start importing Assets/Prefabs/Battlescape using Guid(3a5876c3590494961a3a33c48797bddb) Importer(815301076,1909f56bfc062723c751e8b465ee728b)  -> (artifact id: '9c09e71a23a7353a22865966796f43a6') in 0.001390 seconds
  Import took 0.006465 seconds .

========================================================================
Received Import Request.
  Time since last request: 8.666812 seconds.
  path: Assets/Prefabs/Battlescape/OrdinaryCover.prefab
  artifactKey: Guid(3b647a40983ab4c8a9e16ac9ddf4c700) Importer(815301076,1909f56bfc062723c751e8b465ee728b)
Start importing Assets/Prefabs/Battlescape/OrdinaryCover.prefab using Guid(3b647a40983ab4c8a9e16ac9ddf4c700) Importer(815301076,1909f56bfc062723c751e8b465ee728b)  -> (artifact id: 'c765b03f85db8c3c206d399b16dd0e32') in 1.469373 seconds
  Import took 1.476352 seconds .

========================================================================
Received Import Request.
  Time since last request: 0.035915 seconds.
  path: Assets/Prefabs/Battlescape/OrdinaryCover.prefab
  artifactKey: Guid(3b647a40983ab4c8a9e16ac9ddf4c700) Importer(815301076,1909f56bfc062723c751e8b465ee728b)
Start importing Assets/Prefabs/Battlescape/OrdinaryCover.prefab using Guid(3b647a40983ab4c8a9e16ac9ddf4c700) Importer(815301076,1909f56bfc062723c751e8b465ee728b)  -> (artifact id: 'c765b03f85db8c3c206d399b16dd0e32') in 0.009629 seconds
  Import took 0.015269 seconds .

========================================================================
Received Import Request.
  Time since last request: 12.728217 seconds.
  path: Assets/Prefabs/Battlescape/FullCover.prefab
  artifactKey: Guid(0fa531d1e524a4c0f818354ecf41366b) Importer(815301076,1909f56bfc062723c751e8b465ee728b)
Start importing Assets/Prefabs/Battlescape/FullCover.prefab using Guid(0fa531d1e524a4c0f818354ecf41366b) Importer(815301076,1909f56bfc062723c751e8b465ee728b)  -> (artifact id: 'd0c47dab61bc36d811c5eaaf99febad3') in 0.010854 seconds
  Import took 0.017892 seconds .

========================================================================
Received Import Request.
  Time since last request: 0.000553 seconds.
  path: Assets/Prefabs/Battlescape/FullCover.prefab
  artifactKey: Guid(0fa531d1e524a4c0f818354ecf41366b) Importer(815301076,1909f56bfc062723c751e8b465ee728b)
Start importing Assets/Prefabs/Battlescape/FullCover.prefab using Guid(0fa531d1e524a4c0f818354ecf41366b) Importer(815301076,1909f56bfc062723c751e8b465ee728b)  -> (artifact id: 'd0c47dab61bc36d811c5eaaf99febad3') in 0.008708 seconds
  Import took 0.013847 seconds .

========================================================================
Received Prepare
Registering precompiled user dll's ...
Registered in 0.001179 seconds.
Begin MonoManager ReloadAssembly
Native extension for WindowsStandalone target not found
Native extension for OSXStandalone target not found
Refreshing native plugins compatible for Editor in 0.74 ms, found 1 plugins.
Preloading 0 native plugins for Editor in 0.00 ms.
Mono: successfully reloaded assembly
- Completed reload, in  1.092 seconds
Platform modules already initialized, skipping
Shader 'Universal Render Pipeline/Particles/Lit': fallback shader 'Universal Render Pipeline/Particles/SimpleLit' not found
Refreshing native plugins compatible for Editor in 0.78 ms, found 1 plugins.
Preloading 0 native plugins for Editor in 0.00 ms.
Unloading 2980 Unused Serialized files (Serialized files now loaded: 0)
System memory in use before: 229.7 MB.
System memory in use after: 229.9 MB.

Unloading 41 unused Assets to reduce memory usage. Loaded Objects now: 3643.
Total: 5.908601 ms (FindLiveObjects: 0.312837 ms CreateObjectMapping: 0.159296 ms MarkObjects: 5.412469 ms  DeleteObjects: 0.023099 ms)

========================================================================
Received Import Request.
  Time since last request: 125.677981 seconds.
  path: Assets/Scripts/Battlescape/WeaponType.cs
  artifactKey: Guid(0445dd82af4c24fae8e26ef3221e5041) Importer(815301076,1909f56bfc062723c751e8b465ee728b)
Start importing Assets/Scripts/Battlescape/WeaponType.cs using Guid(0445dd82af4c24fae8e26ef3221e5041) Importer(815301076,1909f56bfc062723c751e8b465ee728b)  -> (artifact id: '2df747ca81d51656a201e31fe5d756cc') in 0.006915 seconds
  Import took 0.012532 seconds .

========================================================================
Received Prepare
Registering precompiled user dll's ...
Registered in 0.001769 seconds.
Begin MonoManager ReloadAssembly
Native extension for WindowsStandalone target not found
Native extension for OSXStandalone target not found
Refreshing native plugins compatible for Editor in 0.66 ms, found 1 plugins.
Preloading 0 native plugins for Editor in 0.00 ms.
Mono: successfully reloaded assembly
- Completed reload, in  1.740 seconds
Platform modules already initialized, skipping
Shader 'Universal Render Pipeline/Particles/Lit': fallback shader 'Universal Render Pipeline/Particles/SimpleLit' not found
Refreshing native plugins compatible for Editor in 1.02 ms, found 1 plugins.
Preloading 0 native plugins for Editor in 0.00 ms.
Unloading 2981 Unused Serialized files (Serialized files now loaded: 0)
System memory in use before: 230.1 MB.
System memory in use after: 230.3 MB.

Unloading 41 unused Assets to reduce memory usage. Loaded Objects now: 3647.
Total: 7.251319 ms (FindLiveObjects: 0.394936 ms CreateObjectMapping: 0.248376 ms MarkObjects: 6.573455 ms  DeleteObjects: 0.033314 ms)

========================================================================
Received Import Request.
  Time since last request: 25.071404 seconds.
  path: Assets/Scripts/Battlescape/WeaponType.cs
  artifactKey: Guid(0445dd82af4c24fae8e26ef3221e5041) Importer(815301076,1909f56bfc062723c751e8b465ee728b)
Start importing Assets/Scripts/Battlescape/WeaponType.cs using Guid(0445dd82af4c24fae8e26ef3221e5041) Importer(815301076,1909f56bfc062723c751e8b465ee728b)  -> (artifact id: 'f30cd5770bfaa7ed0f43ef8ede4881ef') in 0.008058 seconds
  Import took 0.018623 seconds .

========================================================================
Received Prepare
Registering precompiled user dll's ...
Registered in 0.001607 seconds.
Begin MonoManager ReloadAssembly
Native extension for WindowsStandalone target not found
Native extension for OSXStandalone target not found
Refreshing native plugins compatible for Editor in 0.67 ms, found 1 plugins.
Preloading 0 native plugins for Editor in 0.00 ms.
Mono: successfully reloaded assembly
- Completed reload, in  1.136 seconds
Platform modules already initialized, skipping
Shader 'Universal Render Pipeline/Particles/Lit': fallback shader 'Universal Render Pipeline/Particles/SimpleLit' not found
Refreshing native plugins compatible for Editor in 0.70 ms, found 1 plugins.
Preloading 0 native plugins for Editor in 0.00 ms.
Unloading 2981 Unused Serialized files (Serialized files now loaded: 0)
System memory in use before: 230.5 MB.
System memory in use after: 230.7 MB.

Unloading 41 unused Assets to reduce memory usage. Loaded Objects now: 3650.
Total: 5.088435 ms (FindLiveObjects: 0.272503 ms CreateObjectMapping: 0.128170 ms MarkObjects: 4.667135 ms  DeleteObjects: 0.019747 ms)

========================================================================
Received Prepare
Registering precompiled user dll's ...
Registered in 0.001325 seconds.
Begin MonoManager ReloadAssembly
Native extension for WindowsStandalone target not found
Native extension for OSXStandalone target not found
Refreshing native plugins compatible for Editor in 0.70 ms, found 1 plugins.
Preloading 0 native plugins for Editor in 0.00 ms.
Mono: successfully reloaded assembly
- Completed reload, in  1.105 seconds
Platform modules already initialized, skipping
Shader 'Universal Render Pipeline/Particles/Lit': fallback shader 'Universal Render Pipeline/Particles/SimpleLit' not found
Refreshing native plugins compatible for Editor in 0.72 ms, found 1 plugins.
Preloading 0 native plugins for Editor in 0.00 ms.
Unloading 2981 Unused Serialized files (Serialized files now loaded: 0)
System memory in use before: 230.9 MB.
System memory in use after: 231.1 MB.

Unloading 41 unused Assets to reduce memory usage. Loaded Objects now: 3653.
Total: 5.031890 ms (FindLiveObjects: 0.305861 ms CreateObjectMapping: 0.139086 ms MarkObjects: 4.563860 ms  DeleteObjects: 0.022300 ms)

========================================================================
Received Prepare
Registering precompiled user dll's ...
Registered in 0.002798 seconds.
Begin MonoManager ReloadAssembly
Native extension for WindowsStandalone target not found
Native extension for OSXStandalone target not found
Refreshing native plugins compatible for Editor in 0.75 ms, found 1 plugins.
Preloading 0 native plugins for Editor in 0.00 ms.
Mono: successfully reloaded assembly
- Completed reload, in  1.679 seconds
Platform modules already initialized, skipping
Shader 'Universal Render Pipeline/Particles/Lit': fallback shader 'Universal Render Pipeline/Particles/SimpleLit' not found
Refreshing native plugins compatible for Editor in 2.34 ms, found 1 plugins.
Preloading 0 native plugins for Editor in 0.00 ms.
Unloading 2981 Unused Serialized files (Serialized files now loaded: 0)
System memory in use before: 231.3 MB.
System memory in use after: 231.5 MB.

Unloading 41 unused Assets to reduce memory usage. Loaded Objects now: 3656.
Total: 11.852382 ms (FindLiveObjects: 0.395453 ms CreateObjectMapping: 0.251794 ms MarkObjects: 11.165318 ms  DeleteObjects: 0.038083 ms)

========================================================================
Received Prepare
Registering precompiled user dll's ...
Registered in 0.001262 seconds.
Begin MonoManager ReloadAssembly
Native extension for WindowsStandalone target not found
Native extension for OSXStandalone target not found
Refreshing native plugins compatible for Editor in 2.48 ms, found 1 plugins.
Preloading 0 native plugins for Editor in 0.00 ms.
Mono: successfully reloaded assembly
- Completed reload, in  1.706 seconds
Platform modules already initialized, skipping
Shader 'Universal Render Pipeline/Particles/Lit': fallback shader 'Universal Render Pipeline/Particles/SimpleLit' not found
Refreshing native plugins compatible for Editor in 0.86 ms, found 1 plugins.
Preloading 0 native plugins for Editor in 0.00 ms.
Unloading 2981 Unused Serialized files (Serialized files now loaded: 0)
System memory in use before: 231.6 MB.
System memory in use after: 231.9 MB.

Unloading 41 unused Assets to reduce memory usage. Loaded Objects now: 3659.
Total: 6.571809 ms (FindLiveObjects: 0.346109 ms CreateObjectMapping: 0.169548 ms MarkObjects: 6.023198 ms  DeleteObjects: 0.031600 ms)

========================================================================
Received Prepare
Registering precompiled user dll's ...
Registered in 0.001347 seconds.
Begin MonoManager ReloadAssembly
Native extension for WindowsStandalone target not found
Native extension for OSXStandalone target not found
Refreshing native plugins compatible for Editor in 0.73 ms, found 1 plugins.
Preloading 0 native plugins for Editor in 0.00 ms.
Mono: successfully reloaded assembly
- Completed reload, in  1.191 seconds
Platform modules already initialized, skipping
Shader 'Universal Render Pipeline/Particles/Lit': fallback shader 'Universal Render Pipeline/Particles/SimpleLit' not found
Refreshing native plugins compatible for Editor in 0.66 ms, found 1 plugins.
Preloading 0 native plugins for Editor in 0.00 ms.
Unloading 2981 Unused Serialized files (Serialized files now loaded: 0)
System memory in use before: 232.0 MB.
System memory in use after: 232.3 MB.

Unloading 41 unused Assets to reduce memory usage. Loaded Objects now: 3662.
Total: 5.197194 ms (FindLiveObjects: 0.299420 ms CreateObjectMapping: 0.149815 ms MarkObjects: 4.727017 ms  DeleteObjects: 0.020195 ms)

========================================================================
Received Prepare
Registering precompiled user dll's ...
Registered in 0.001302 seconds.
Begin MonoManager ReloadAssembly
Native extension for WindowsStandalone target not found
Native extension for OSXStandalone target not found
Refreshing native plugins compatible for Editor in 0.66 ms, found 1 plugins.
Preloading 0 native plugins for Editor in 0.00 ms.
Mono: successfully reloaded assembly
- Completed reload, in  1.168 seconds
Platform modules already initialized, skipping
Shader 'Universal Render Pipeline/Particles/Lit': fallback shader 'Universal Render Pipeline/Particles/SimpleLit' not found
Refreshing native plugins compatible for Editor in 0.68 ms, found 1 plugins.
Preloading 0 native plugins for Editor in 0.00 ms.
Unloading 2981 Unused Serialized files (Serialized files now loaded: 0)
System memory in use before: 232.4 MB.
System memory in use after: 232.7 MB.

Unloading 41 unused Assets to reduce memory usage. Loaded Objects now: 3665.
Total: 5.068961 ms (FindLiveObjects: 0.267163 ms CreateObjectMapping: 0.125774 ms MarkObjects: 4.655574 ms  DeleteObjects: 0.019706 ms)

========================================================================
Received Import Request.
  Time since last request: 122.325138 seconds.
  path: Assets/Scripts/Battlescape/Weapon.cs
  artifactKey: Guid(63b23b197d69f4efab1484251b6ecc85) Importer(815301076,1909f56bfc062723c751e8b465ee728b)
Start importing Assets/Scripts/Battlescape/Weapon.cs using Guid(63b23b197d69f4efab1484251b6ecc85) Importer(815301076,1909f56bfc062723c751e8b465ee728b)  -> (artifact id: '685ea0574618806ef866dfee870853d0') in 0.005826 seconds
  Import took 0.011600 seconds .

========================================================================
Received Prepare
Registering precompiled user dll's ...
Registered in 0.001310 seconds.
Begin MonoManager ReloadAssembly
Native extension for WindowsStandalone target not found
Native extension for OSXStandalone target not found
Refreshing native plugins compatible for Editor in 0.68 ms, found 1 plugins.
Preloading 0 native plugins for Editor in 0.00 ms.
Mono: successfully reloaded assembly
- Completed reload, in  1.097 seconds
Platform modules already initialized, skipping
Shader 'Universal Render Pipeline/Particles/Lit': fallback shader 'Universal Render Pipeline/Particles/SimpleLit' not found
Refreshing native plugins compatible for Editor in 0.68 ms, found 1 plugins.
Preloading 0 native plugins for Editor in 0.00 ms.
Unloading 2979 Unused Serialized files (Serialized files now loaded: 0)
System memory in use before: 232.8 MB.
System memory in use after: 233.0 MB.

Unloading 43 unused Assets to reduce memory usage. Loaded Objects now: 3666.
Total: 5.537569 ms (FindLiveObjects: 0.304588 ms CreateObjectMapping: 0.145044 ms MarkObjects: 5.059594 ms  DeleteObjects: 0.027369 ms)

========================================================================
Received Import Request.
  Time since last request: 10.124673 seconds.
  path: Assets/Scripts/Battlescape/Battleground.cs
  artifactKey: Guid(0b758eaffebb94c4e96505279af4e7cc) Importer(815301076,1909f56bfc062723c751e8b465ee728b)
Start importing Assets/Scripts/Battlescape/Battleground.cs using Guid(0b758eaffebb94c4e96505279af4e7cc) Importer(815301076,1909f56bfc062723c751e8b465ee728b)  -> (artifact id: 'd66b4f8931b8a431d56ca09df555ec1f') in 0.005845 seconds
  Import took 0.011397 seconds .

========================================================================
Received Import Request.
  Time since last request: 223.545312 seconds.
  path: Assets/Scenes/Battlescape.unity
  artifactKey: Guid(c042acd18b41a45b09d4e0afd7485db9) Importer(815301076,1909f56bfc062723c751e8b465ee728b)
Start importing Assets/Scenes/Battlescape.unity using Guid(c042acd18b41a45b09d4e0afd7485db9) Importer(815301076,1909f56bfc062723c751e8b465ee728b)  -> (artifact id: '987895d99a2f5eeb0a497bae47250fe4') in 0.009765 seconds
  Import took 0.015304 seconds .

========================================================================
Received Prepare
Registering precompiled user dll's ...
Registered in 0.001679 seconds.
Begin MonoManager ReloadAssembly
Native extension for WindowsStandalone target not found
Native extension for OSXStandalone target not found
Refreshing native plugins compatible for Editor in 1.01 ms, found 1 plugins.
Preloading 0 native plugins for Editor in 0.00 ms.
Mono: successfully reloaded assembly
- Completed reload, in  1.201 seconds
Platform modules already initialized, skipping
Shader 'Universal Render Pipeline/Particles/Lit': fallback shader 'Universal Render Pipeline/Particles/SimpleLit' not found
Refreshing native plugins compatible for Editor in 0.68 ms, found 1 plugins.
Preloading 0 native plugins for Editor in 0.00 ms.
Unloading 2979 Unused Serialized files (Serialized files now loaded: 0)
System memory in use before: 233.3 MB.
System memory in use after: 233.6 MB.

Unloading 41 unused Assets to reduce memory usage. Loaded Objects now: 3669.
Total: 5.216742 ms (FindLiveObjects: 0.287058 ms CreateObjectMapping: 0.140206 ms MarkObjects: 4.763437 ms  DeleteObjects: 0.025147 ms)

========================================================================
Received Import Request.
  Time since last request: 340.770478 seconds.
  path: Assets/Scenes/UFOLanding
  artifactKey: Guid(4ed09d2f1ed6f46549bbd4b8e0c98f9e) Importer(815301076,1909f56bfc062723c751e8b465ee728b)
Start importing Assets/Scenes/UFOLanding using Guid(4ed09d2f1ed6f46549bbd4b8e0c98f9e) Importer(815301076,1909f56bfc062723c751e8b465ee728b)  -> (artifact id: '13e325e281460c38a2b0027a5b57782f') in 0.005368 seconds
  Import took 0.010488 seconds .

========================================================================
Received Import Request.
  Time since last request: 35.066724 seconds.
  path: Assets/Scenes/UFOLanding/Landing01.cs
  artifactKey: Guid(9a80819457f3b488abbc959c5bc94d4e) Importer(815301076,1909f56bfc062723c751e8b465ee728b)
Start importing Assets/Scenes/UFOLanding/Landing01.cs using Guid(9a80819457f3b488abbc959c5bc94d4e) Importer(815301076,1909f56bfc062723c751e8b465ee728b)  -> (artifact id: 'e551be0d1ef50d284a3aada7f12a0992') in 0.002773 seconds
  Import took 0.007799 seconds .

========================================================================
Received Prepare
Registering precompiled user dll's ...
Registered in 0.001318 seconds.
Begin MonoManager ReloadAssembly
Native extension for WindowsStandalone target not found
Native extension for OSXStandalone target not found
Refreshing native plugins compatible for Editor in 0.86 ms, found 1 plugins.
Preloading 0 native plugins for Editor in 0.00 ms.
Mono: successfully reloaded assembly
- Completed reload, in  1.119 seconds
Platform modules already initialized, skipping
Shader 'Universal Render Pipeline/Particles/Lit': fallback shader 'Universal Render Pipeline/Particles/SimpleLit' not found
Refreshing native plugins compatible for Editor in 0.73 ms, found 1 plugins.
Preloading 0 native plugins for Editor in 0.00 ms.
Unloading 2980 Unused Serialized files (Serialized files now loaded: 0)
System memory in use before: 233.7 MB.
System memory in use after: 234.0 MB.

Unloading 41 unused Assets to reduce memory usage. Loaded Objects now: 3673.
Total: 5.623394 ms (FindLiveObjects: 0.342927 ms CreateObjectMapping: 0.157659 ms MarkObjects: 5.098447 ms  DeleteObjects: 0.023426 ms)

========================================================================
Received Prepare
Registering precompiled user dll's ...
Registered in 0.003505 seconds.
Begin MonoManager ReloadAssembly
Native extension for WindowsStandalone target not found
Native extension for OSXStandalone target not found
Refreshing native plugins compatible for Editor in 0.91 ms, found 1 plugins.
Preloading 0 native plugins for Editor in 0.00 ms.
Mono: successfully reloaded assembly
- Completed reload, in  2.010 seconds
Platform modules already initialized, skipping
Shader 'Universal Render Pipeline/Particles/Lit': fallback shader 'Universal Render Pipeline/Particles/SimpleLit' not found
Refreshing native plugins compatible for Editor in 0.86 ms, found 1 plugins.
Preloading 0 native plugins for Editor in 0.00 ms.
Unloading 2979 Unused Serialized files (Serialized files now loaded: 0)
System memory in use before: 234.1 MB.
System memory in use after: 234.3 MB.

Unloading 42 unused Assets to reduce memory usage. Loaded Objects now: 3675.
Total: 12.795904 ms (FindLiveObjects: 0.752117 ms CreateObjectMapping: 0.406518 ms MarkObjects: 11.557845 ms  DeleteObjects: 0.077922 ms)

========================================================================
Received Import Request.
  Time since last request: 67.117688 seconds.
  path: Assets/Scenes/UFOLanding/Landing01.unity
  artifactKey: Guid(aa2c1de29631545cd83d3257cee1c0bd) Importer(815301076,1909f56bfc062723c751e8b465ee728b)
Start importing Assets/Scenes/UFOLanding/Landing01.unity using Guid(aa2c1de29631545cd83d3257cee1c0bd) Importer(815301076,1909f56bfc062723c751e8b465ee728b)  -> (artifact id: '8e627b8cb2acf81d7ac1f5632bf37a3d') in 0.013205 seconds
  Import took 0.019436 seconds .

========================================================================
Received Prepare
Registering precompiled user dll's ...
Registered in 0.001489 seconds.
Begin MonoManager ReloadAssembly
Native extension for WindowsStandalone target not found
Native extension for OSXStandalone target not found
Refreshing native plugins compatible for Editor in 0.68 ms, found 1 plugins.
Preloading 0 native plugins for Editor in 0.00 ms.
Mono: successfully reloaded assembly
- Completed reload, in  1.124 seconds
Platform modules already initialized, skipping
Shader 'Universal Render Pipeline/Particles/Lit': fallback shader 'Universal Render Pipeline/Particles/SimpleLit' not found
Refreshing native plugins compatible for Editor in 0.74 ms, found 1 plugins.
Preloading 0 native plugins for Editor in 0.00 ms.
Unloading 2979 Unused Serialized files (Serialized files now loaded: 0)
System memory in use before: 234.5 MB.
System memory in use after: 234.7 MB.

Unloading 41 unused Assets to reduce memory usage. Loaded Objects now: 3678.
Total: 5.258744 ms (FindLiveObjects: 0.265987 ms CreateObjectMapping: 0.135031 ms MarkObjects: 4.836168 ms  DeleteObjects: 0.020673 ms)

AssetImportWorkerClient::OnTransportError - code=2 error=End of file
