Using pre-set license

 COMMAND LINE ARGUMENTS:
/Applications/Unity/Hub/Editor/2020.3.8f1/Unity.app/Contents/MacOS/Unity
-adb2
-batchMode
-noUpm
-name
AssetImportWorker0
-projectPath
/Users/arsenibarsegyan/TFTD/TFTD
-logFile
Logs/AssetImportWorker0.log
-srvPort
49177
Successfully changed project path to: /Users/arsenibarsegyan/TFTD/TFTD
/Users/arsenibarsegyan/TFTD/TFTD
Using Asset Import Pipeline V2.
Refreshing native plugins compatible for Editor in 65.91 ms, found 1 plugins.
Preloading 0 native plugins for Editor in 0.00 ms.
Initialize engine version: 2020.3.8f1 (507919d4fff5)
[Subsystems] Discovering subsystems at path /Applications/Unity/Hub/Editor/2020.3.8f1/Unity.app/Contents/Resources/UnitySubsystems
[Subsystems] Discovering subsystems at path /Users/arsenibarsegyan/TFTD/TFTD/Assets
GfxDevice: creating device client; threaded=0
2021-05-23 20:55:10.481 Unity[846:13049] Color LCD preferred device: Intel(R) UHD Graphics 630 (low power)
2021-05-23 20:55:10.481 Unity[846:13049] Metal devices available: 2
2021-05-23 20:55:10.481 Unity[846:13049] 0: AMD Radeon Pro 560X (high power)
2021-05-23 20:55:10.481 Unity[846:13049] 1: Intel(R) UHD Graphics 630 (low power)
2021-05-23 20:55:10.481 Unity[846:13049] Using device AMD Radeon Pro 560X (high power)
Initializing Metal device caps: AMD Radeon Pro 560X
Shader 'Universal Render Pipeline/Particles/Lit': fallback shader 'Universal Render Pipeline/Particles/SimpleLit' not found
Initialize mono
Mono path[0] = '/Applications/Unity/Hub/Editor/2020.3.8f1/Unity.app/Contents/Managed'
Mono path[1] = '/Applications/Unity/Hub/Editor/2020.3.8f1/Unity.app/Contents/MonoBleedingEdge/lib/mono/unityjit'
Mono config path = '/Applications/Unity/Hub/Editor/2020.3.8f1/Unity.app/Contents/MonoBleedingEdge/etc'
Using monoOptions --debugger-agent=transport=dt_socket,embedding=1,server=y,suspend=n,address=127.0.0.1:56846
Begin MonoManager ReloadAssembly
Registering precompiled unity dll's ...
Register platform support module: /Applications/Unity/Hub/Editor/2020.3.8f1/Unity.app/Contents/PlaybackEngines/MacStandaloneSupport/UnityEditor.OSXStandalone.Extensions.dll
Register platform support module: /Applications/Unity/Hub/Editor/2020.3.8f1/PlaybackEngines/WindowsStandaloneSupport/UnityEditor.WindowsStandalone.Extensions.dll
Registered in 0.000660 seconds.
Native extension for WindowsStandalone target not found
Native extension for OSXStandalone target not found
Refreshing native plugins compatible for Editor in 52.64 ms, found 1 plugins.
Preloading 0 native plugins for Editor in 0.00 ms.
Mono: successfully reloaded assembly
- Completed reload, in  2.730 seconds
Platform modules already initialized, skipping
Registering precompiled user dll's ...
Registered in 0.001294 seconds.
Begin MonoManager ReloadAssembly
Native extension for WindowsStandalone target not found
Native extension for OSXStandalone target not found
Refreshing native plugins compatible for Editor in 53.40 ms, found 1 plugins.
Preloading 0 native plugins for Editor in 0.00 ms.
Mono: successfully reloaded assembly
- Completed reload, in  1.155 seconds
Platform modules already initialized, skipping
========================================================================
Worker process is ready to serve import requests
Shader 'Universal Render Pipeline/Particles/Lit': fallback shader 'Universal Render Pipeline/Particles/SimpleLit' not found
Launching external process: /Applications/Unity/Hub/Editor/2020.3.8f1/Unity.app/Contents/Tools/UnityShaderCompiler
Launched and connected shader compiler UnityShaderCompiler after 0.01 seconds
Refreshing native plugins compatible for Editor in 0.68 ms, found 1 plugins.
Preloading 0 native plugins for Editor in 0.00 ms.
Unloading 3115 Unused Serialized files (Serialized files now loaded: 0)
System memory in use before: 215.6 MB.
System memory in use after: 215.8 MB.

Unloading 50 unused Assets to reduce memory usage. Loaded Objects now: 3530.
Total: 5.440861 ms (FindLiveObjects: 0.309045 ms CreateObjectMapping: 0.162869 ms MarkObjects: 4.897677 ms  DeleteObjects: 0.070254 ms)

========================================================================
Received Import Request.
  path: Assets/Resources/EarthGlobe.mat
  artifactKey: Guid(f143efc98206b944b8689e26753779c9) Importer(815301076,1909f56bfc062723c751e8b465ee728b)
Start importing Assets/Resources/EarthGlobe.mat using Guid(f143efc98206b944b8689e26753779c9) Importer(815301076,1909f56bfc062723c751e8b465ee728b)  -> (artifact id: 'd325cca19acc08129c31a24c3224ed31') in 1.329140 seconds
  Import took 1.334334 seconds .

========================================================================
Received Import Request.
  Time since last request: 9.952629 seconds.
  path: Assets/Scripts/GameFlow/GameEventsController.cs
  artifactKey: Guid(cc6eb98878f751c4988924fa4dae78d3) Importer(815301076,1909f56bfc062723c751e8b465ee728b)
Start importing Assets/Scripts/GameFlow/GameEventsController.cs using Guid(cc6eb98878f751c4988924fa4dae78d3) Importer(815301076,1909f56bfc062723c751e8b465ee728b)  -> (artifact id: '056adc3c9039f96382469ef3e9fc9177') in 0.301769 seconds
  Import took 0.306648 seconds .

